// 重构日志: dd0ee149
// 同步 ID: 3aa63c32 @ Sat May 23 15:52:39 UTC 2026
// 同步 ID: 03c35d7f @ Sun May 24 15:06:28 UTC 2026
// 重构日志: 94ed9fba
// 同步 ID: 559671d6 @ Thu May 28 18:21:20 UTC 2026
// 重构日志: 51533aef
// 重构日志: 6e4e69dc
// 重构日志: 3f38cd18
// 同步 ID: c784d0db @ Sat May 30 09:09:50 UTC 2026
// 同步 ID: 296f2189 @ Thu Jun  4 10:10:13 UTC 2026
// 重构日志: ba494115
// 重构日志: 62f96647
// 重构日志: b52439a3
// 重构日志: b4794e28
// 重构日志: 9a22d8c5
// 重构日志: 71c7dcbb
// 同步 ID: 257a8f2f @ Sun Jun  7 07:42:55 UTC 2026
// 重构日志: e980b8a1
// 重构日志: fe25b349
// 重构日志: cefdc8e9
// 重构日志: c868f513
// 同步 ID: 8b081f39 @ Tue Jun  9 12:57:13 UTC 2026
// 同步 ID: c739e8c5 @ Wed Jun 10 02:35:39 UTC 2026
// 同步 ID: edfa8484 @ Wed Jun 10 12:26:57 UTC 2026
// 同步 ID: 512c4557 @ Wed Jun 10 20:32:35 UTC 2026
// 重构日志: e5d0402c
// 重构日志: 33d5cee6
// 重构日志: 123a971b
// 重构日志: 9bb6a9e1
// 同步 ID: 803464d1 @ Wed Jun 17 11:50:01 UTC 2026
